<?xml version="1.0" encoding="UTF-8"?>
<!-- Generated by org.testng.reporters.JUnitReportReporter -->
<testsuite hostname="root" failures="0" tests="2" name="Zoho.zoho" time="23.999" errors="0" timestamp="2021-04-15T15:21:31 IST" skipped="0">
  <testcase classname="Zoho.zoho" name="verify_zohourl" time="7.246"/>
  <system-out/>
  <testcase classname="Zoho.zoho" name="cred_verify" time="16.753"/>
  <system-out/>
</testsuite> <!-- Zoho.zoho -->
